2024-06-14 16:54:46,987 [INFO] Activator:176 - 


2024-06-14 16:54:46,990 [INFO] Activator:177 - !SESSION log4j initialized
2024-06-14 16:54:50,904 [INFO] LogOutputStream:77 - [STDOUT_REDIRECT] 
2024-06-14 16:54:55,144 [INFO] ApplicationProperties:184 - Using Application install path: C:\ST\STM32CubeIDE_1.13.0\STM32CubeIDE\plugins\com.st.stm32cube.common.mx_6.11.1.202404110753
2024-06-14 16:54:55,176 [INFO] DbMcusXml:78 - Set database path to: C:\ST\STM32CubeIDE_1.13.0\STM32CubeIDE\plugins\com.st.stm32cube.common.mx_6.11.1.202404110753\\db\/mcu/
2024-06-14 16:54:55,177 [INFO] ApiDb:274 - Set plugin database path to: C:\ST\STM32CubeIDE_1.13.0\STM32CubeIDE\plugins\com.st.stm32cube.common.mx_6.11.1.202404110753\\db\/plugins/boardmanager/
2024-06-14 16:54:55,178 [WARN] ApiDb:259 - Overriding images path with different value:  => C:\ST\STM32CubeIDE_1.13.0\STM32CubeIDE\plugins\com.st.stm32cube.common.mx_6.11.1.202404110753\\db\/plugins/mcufinder/images/
2024-06-14 16:54:55,197 [INFO] ApiDb:250 - Set database path to: C:\Users\junghyun1\.stmcufinder\plugins\mcufinder//mcu/
2024-06-14 16:54:55,198 [INFO] DbMcusAds:125 - Set database path to: C:\Users\junghyun1\.stmcufinder\plugins\mcufinder//mcu/
2024-06-14 16:54:55,202 [INFO] CrossReferenceDbSqlite:203 - Set database path to: C:\Users\junghyun1\.stmcufinder\plugins\mcufinder//mcu/cs/
2024-06-14 16:54:55,420 [INFO] RulesReader:64 - Compatibility file has been processed (297 Rules)
2024-06-14 16:54:55,608 [INFO] DbMcusXml:78 - Set database path to: C:\ST\STM32CubeIDE_1.13.0\STM32CubeIDE\plugins\com.st.stm32cube.common.mx_6.11.1.202404110753\\db\/mcu/
2024-06-14 16:54:55,608 [INFO] ApiDb:274 - Set plugin database path to: C:\ST\STM32CubeIDE_1.13.0\STM32CubeIDE\plugins\com.st.stm32cube.common.mx_6.11.1.202404110753\\db\/plugins/boardmanager/
2024-06-14 16:54:55,609 [INFO] ApiDb:261 - Set plugin images path to: C:\ST\STM32CubeIDE_1.13.0\STM32CubeIDE\plugins\com.st.stm32cube.common.mx_6.11.1.202404110753\\db\/plugins/mcufinder/images/
2024-06-14 16:54:55,609 [WARN] DbFile:41 - Overriding database path with different value: C:\Users\junghyun1\.stmcufinder\plugins\mcufinder/ => C:\Users\junghyun1\.stmcufinder\plugins\mcufinder
2024-06-14 16:54:55,609 [INFO] ApiDb:250 - Set database path to: C:\Users\junghyun1\.stmcufinder\plugins\mcufinder//mcu/
2024-06-14 16:54:55,609 [WARN] DbFile:41 - Overriding database path with different value: C:\Users\junghyun1\.stmcufinder\plugins\mcufinder/ => C:\Users\junghyun1\.stmcufinder\plugins\mcufinder
2024-06-14 16:54:55,609 [INFO] DbMcusAds:125 - Set database path to: C:\Users\junghyun1\.stmcufinder\plugins\mcufinder//mcu/
2024-06-14 16:54:55,609 [WARN] DbFile:41 - Overriding database path with different value: C:\Users\junghyun1\.stmcufinder\plugins\mcufinder/ => C:\Users\junghyun1\.stmcufinder\plugins\mcufinder
2024-06-14 16:54:55,609 [WARN] DbFile:41 - Overriding database path with different value: C:\Users\junghyun1\.stmcufinder\plugins\mcufinder/ => C:\Users\junghyun1\.stmcufinder\plugins\mcufinder
2024-06-14 16:54:55,610 [INFO] CrossReferenceDbSqlite:203 - Set database path to: C:\Users\junghyun1\.stmcufinder\plugins\mcufinder//mcu/cs/
2024-06-14 16:54:55,739 [INFO] MainPanel:264 - HeapMemory: 268435456
2024-06-14 16:54:55,850 [INFO] DbMcusXml:78 - Set database path to: C:\ST\STM32CubeIDE_1.13.0\STM32CubeIDE\plugins\com.st.stm32cube.common.mx_6.11.1.202404110753\\db\/mcu/
2024-06-14 16:54:55,850 [INFO] ApiDb:274 - Set plugin database path to: C:\ST\STM32CubeIDE_1.13.0\STM32CubeIDE\plugins\com.st.stm32cube.common.mx_6.11.1.202404110753\\db\/plugins/boardmanager/
2024-06-14 16:54:55,850 [INFO] ApiDb:261 - Set plugin images path to: C:\ST\STM32CubeIDE_1.13.0\STM32CubeIDE\plugins\com.st.stm32cube.common.mx_6.11.1.202404110753\\db\/plugins/mcufinder/images/
2024-06-14 16:54:55,850 [WARN] DbFile:41 - Overriding database path with different value: C:\Users\junghyun1\.stmcufinder\plugins\mcufinder/ => C:\Users\junghyun1\.stmcufinder\plugins\mcufinder
2024-06-14 16:54:55,851 [INFO] ApiDb:250 - Set database path to: C:\Users\junghyun1\.stmcufinder\plugins\mcufinder//mcu/
2024-06-14 16:54:55,851 [WARN] DbFile:41 - Overriding database path with different value: C:\Users\junghyun1\.stmcufinder\plugins\mcufinder/ => C:\Users\junghyun1\.stmcufinder\plugins\mcufinder
2024-06-14 16:54:55,851 [INFO] DbMcusAds:125 - Set database path to: C:\Users\junghyun1\.stmcufinder\plugins\mcufinder//mcu/
2024-06-14 16:54:55,851 [WARN] DbFile:41 - Overriding database path with different value: C:\Users\junghyun1\.stmcufinder\plugins\mcufinder/ => C:\Users\junghyun1\.stmcufinder\plugins\mcufinder
2024-06-14 16:54:55,851 [WARN] DbFile:41 - Overriding database path with different value: C:\Users\junghyun1\.stmcufinder\plugins\mcufinder/ => C:\Users\junghyun1\.stmcufinder\plugins\mcufinder
2024-06-14 16:54:55,851 [INFO] CrossReferenceDbSqlite:203 - Set database path to: C:\Users\junghyun1\.stmcufinder\plugins\mcufinder//mcu/cs/
2024-06-14 16:54:55,873 [INFO] ApplicationProperties:184 - Using Application install path: C:\ST\STM32CubeIDE_1.13.0\STM32CubeIDE\plugins\com.st.stm32cube.common.mx_6.11.1.202404110753
2024-06-14 16:54:55,875 [INFO] PluginManage:196 - Search for loadable plugins [exclusion list=, ]
2024-06-14 16:54:55,877 [INFO] PluginManage:310 - Check plugin analytics
2024-06-14 16:54:56,142 [INFO] AnalyticsPlugin:253 - Accepted Software Licenses: 
2024-06-14 16:54:56,143 [INFO] AnalyticsPlugin:255 - Accepted CMSIS Pack Licenses: 
2024-06-14 16:54:56,144 [INFO] AnalyticsPlugin:257 - Accepted Firmware Licenses: 
2024-06-14 16:54:56,151 [INFO] PluginManage:359 - Loaded plugin analytics (category:tool,tabindex:-1)
2024-06-14 16:54:56,152 [INFO] PluginManage:310 - Check plugin cadmodel
2024-06-14 16:54:56,172 [INFO] CADModel:105 - Init CAD model plugin
2024-06-14 16:54:56,173 [INFO] PluginManage:359 - Loaded plugin cadmodel (category:power,tabindex:5)
2024-06-14 16:54:56,173 [INFO] PluginManage:310 - Check plugin clock
2024-06-14 16:54:56,199 [INFO] PluginManage:359 - Loaded plugin clock (category:base,tabindex:2)
2024-06-14 16:54:56,199 [INFO] PluginManage:310 - Check plugin ddr
2024-06-14 16:54:56,202 [INFO] PluginManage:359 - Loaded plugin ddr (category:tool,tabindex:6)
2024-06-14 16:54:56,203 [INFO] PluginManage:310 - Check plugin filemanager
2024-06-14 16:54:56,498 [INFO] PluginManage:359 - Loaded plugin filemanager (category:base,tabindex:10)
2024-06-14 16:54:56,499 [INFO] PluginManage:310 - Check plugin ipmanager
2024-06-14 16:54:56,513 [INFO] PluginManage:359 - Loaded plugin ipmanager (category:base,tabindex:5)
2024-06-14 16:54:56,513 [INFO] PluginManage:310 - Check plugin lpbam
2024-06-14 16:54:56,536 [INFO] PluginManage:359 - Loaded plugin lpbam (category:base,tabindex:0)
2024-06-14 16:54:56,537 [INFO] PluginManage:310 - Check plugin memorymap
2024-06-14 16:54:56,566 [INFO] PluginManage:359 - Loaded plugin memorymap (category:base,tabindex:4)
2024-06-14 16:54:56,566 [INFO] PluginManage:310 - Check plugin pinoutandconfiguration
2024-06-14 16:54:56,585 [INFO] PluginManage:359 - Loaded plugin pinoutandconfiguration (category:base,tabindex:1)
2024-06-14 16:54:56,586 [INFO] PluginManage:310 - Check plugin pinoutconfig
2024-06-14 16:54:56,699 [WARN] SupportedApi:132 - Cannot load RTOS API schema: s4s-elt-must-match.1: The content of 'definitions' must match (annotation?, (simpleType | complexType)?, (unique | key | keyref)*)). A problem was found starting at: attribute.
2024-06-14 16:54:56,869 [INFO] PluginManage:359 - Loaded plugin pinoutconfig (category:base,tabindex:0)
2024-06-14 16:54:56,869 [INFO] PluginManage:310 - Check plugin power
2024-06-14 16:54:56,892 [INFO] PluginManage:359 - Loaded plugin power (category:power,tabindex:4)
2024-06-14 16:54:56,892 [INFO] PluginManage:310 - Check plugin projectmanager
2024-06-14 16:54:56,912 [INFO] PluginManage:359 - Loaded plugin projectmanager (category:projectmanager,tabindex:3)
2024-06-14 16:54:56,913 [INFO] PluginManage:310 - Check plugin thirdparty
2024-06-14 16:54:57,299 [INFO] PluginManage:359 - Loaded plugin thirdparty (category:base,tabindex:-1)
2024-06-14 16:54:57,300 [INFO] PluginManage:310 - Check plugin tools
2024-06-14 16:54:57,299 [WARN] IntegrityCheckThread:84 - waiting for thirdparty lock release [integrity check]
2024-06-14 16:54:57,300 [INFO] IntegrityCheckThread:86 - entering critical section [integrity check]
2024-06-14 16:54:57,301 [INFO] ThirdPartyUpdaterWithRetryManager:70 - Updater plugin not ready yet. [1/15]
2024-06-14 16:54:57,372 [INFO] PluginManage:359 - Loaded plugin tools (category:base,tabindex:7)
2024-06-14 16:54:57,373 [INFO] PluginManage:310 - Check plugin tutovideos
2024-06-14 16:54:57,618 [INFO] PluginManage:359 - Loaded plugin tutovideos (category:base,tabindex:-1)
2024-06-14 16:54:57,618 [INFO] PluginManage:310 - Check plugin updater
2024-06-14 16:54:57,644 [INFO] PluginManage:359 - Loaded plugin updater (category:base,tabindex:12)
2024-06-14 16:54:57,644 [INFO] PluginManage:310 - Check plugin userauth
2024-06-14 16:54:57,652 [INFO] UserAuth:114 - Init User Auth plugin
2024-06-14 16:54:57,652 [INFO] PluginManage:359 - Loaded plugin userauth (category:base,tabindex:14)
2024-06-14 16:54:57,653 [INFO] PluginManage:283 - PluginManage : Loaded plugins [17]
2024-06-14 16:54:58,065 [INFO] PinOutPanel:1561 - setPackage(No Configuration,No Configuration)
2024-06-14 16:54:58,172 [INFO] CADModel:165 - CPN selected for project level
2024-06-14 16:54:58,172 [INFO] CADModel:114 - Register for checkConnection events
2024-06-14 16:54:58,200 [INFO] IPUIPlugin:80 - create IPUIPlugin
2024-06-14 16:54:58,201 [INFO] PluginManager:220 - loadIPPluginJar : add adc
2024-06-14 16:54:58,238 [INFO] IPUIPlugin:80 - create IPUIPlugin
2024-06-14 16:54:58,239 [INFO] PluginManager:220 - loadIPPluginJar : add aes
2024-06-14 16:54:58,281 [INFO] IPUIPlugin:80 - create IPUIPlugin
2024-06-14 16:54:58,281 [INFO] PluginManager:220 - loadIPPluginJar : add can
2024-06-14 16:54:58,304 [INFO] IPUIPlugin:80 - create IPUIPlugin
2024-06-14 16:54:58,305 [INFO] PluginManager:220 - loadIPPluginJar : add comp
2024-06-14 16:54:58,340 [INFO] IPUIPlugin:80 - create IPUIPlugin
2024-06-14 16:54:58,340 [INFO] PluginManager:220 - loadIPPluginJar : add cryp
2024-06-14 16:54:58,374 [INFO] IPUIPlugin:80 - create IPUIPlugin
2024-06-14 16:54:58,374 [INFO] PluginManager:220 - loadIPPluginJar : add dfsdm
2024-06-14 16:54:58,389 [INFO] IPUIPlugin:80 - create IPUIPlugin
2024-06-14 16:54:58,389 [INFO] PluginManager:220 - loadIPPluginJar : add dma
2024-06-14 16:54:58,439 [INFO] IPUIPlugin:80 - create IPUIPlugin
2024-06-14 16:54:58,439 [INFO] PluginManager:220 - loadIPPluginJar : add dma3
2024-06-14 16:54:58,487 [INFO] IPUIPlugin:80 - create IPUIPlugin
2024-06-14 16:54:58,487 [INFO] PluginManager:220 - loadIPPluginJar : add extmemmanager
2024-06-14 16:54:58,511 [INFO] IPUIPlugin:80 - create IPUIPlugin
2024-06-14 16:54:58,511 [INFO] PluginManager:220 - loadIPPluginJar : add fatfs
2024-06-14 16:54:58,561 [INFO] IPUIPlugin:80 - create IPUIPlugin
2024-06-14 16:54:58,561 [INFO] PluginManager:220 - loadIPPluginJar : add fmc
2024-06-14 16:54:58,576 [INFO] IPUIPlugin:80 - create IPUIPlugin
2024-06-14 16:54:58,577 [INFO] PluginManager:220 - loadIPPluginJar : add freertos
2024-06-14 16:54:58,602 [INFO] IPUIPlugin:80 - create IPUIPlugin
2024-06-14 16:54:58,602 [INFO] PluginManager:220 - loadIPPluginJar : add genericplugin
2024-06-14 16:54:58,713 [INFO] IPUIPlugin:80 - create IPUIPlugin
2024-06-14 16:54:58,713 [INFO] PluginManager:220 - loadIPPluginJar : add gfxmmu
2024-06-14 16:54:58,861 [INFO] IPUIPlugin:80 - create IPUIPlugin
2024-06-14 16:54:58,862 [INFO] PluginManager:220 - loadIPPluginJar : add gic
2024-06-14 16:54:58,875 [INFO] IPUIPlugin:80 - create IPUIPlugin
2024-06-14 16:54:58,875 [INFO] PluginManager:220 - loadIPPluginJar : add gpio
2024-06-14 16:54:58,977 [INFO] IPUIPlugin:80 - create IPUIPlugin
2024-06-14 16:54:58,977 [INFO] PluginManager:220 - loadIPPluginJar : add gtzc
2024-06-14 16:54:59,017 [INFO] IPUIPlugin:80 - create IPUIPlugin
2024-06-14 16:54:59,017 [INFO] PluginManager:220 - loadIPPluginJar : add hash
2024-06-14 16:54:59,082 [INFO] IPUIPlugin:80 - create IPUIPlugin
2024-06-14 16:54:59,083 [INFO] PluginManager:220 - loadIPPluginJar : add i2c
2024-06-14 16:54:59,126 [INFO] IPUIPlugin:80 - create IPUIPlugin
2024-06-14 16:54:59,126 [INFO] PluginManager:220 - loadIPPluginJar : add i2s
2024-06-14 16:54:59,172 [INFO] IPUIPlugin:80 - create IPUIPlugin
2024-06-14 16:54:59,172 [INFO] PluginManager:220 - loadIPPluginJar : add i3c
2024-06-14 16:54:59,282 [INFO] IPUIPlugin:80 - create IPUIPlugin
2024-06-14 16:54:59,282 [INFO] PluginManager:220 - loadIPPluginJar : add ipddr
2024-06-14 16:54:59,385 [INFO] IPUIPlugin:80 - create IPUIPlugin
2024-06-14 16:54:59,386 [INFO] PluginManager:220 - loadIPPluginJar : add linkedlist
2024-06-14 16:54:59,424 [INFO] IPUIPlugin:80 - create IPUIPlugin
2024-06-14 16:54:59,424 [INFO] PluginManager:220 - loadIPPluginJar : add lorawan
2024-06-14 16:54:59,462 [INFO] IPUIPlugin:80 - create IPUIPlugin
2024-06-14 16:54:59,462 [INFO] PluginManager:220 - loadIPPluginJar : add ltdc
2024-06-14 16:54:59,478 [INFO] IPUIPlugin:80 - create IPUIPlugin
2024-06-14 16:54:59,478 [INFO] PluginManager:220 - loadIPPluginJar : add mdma
2024-06-14 16:54:59,489 [INFO] IPUIPlugin:80 - create IPUIPlugin
2024-06-14 16:54:59,490 [INFO] PluginManager:220 - loadIPPluginJar : add nvic
2024-06-14 16:54:59,529 [INFO] IPUIPlugin:80 - create IPUIPlugin
2024-06-14 16:54:59,529 [INFO] PluginManager:220 - loadIPPluginJar : add opamp
2024-06-14 16:54:59,603 [INFO] IPUIPlugin:80 - create IPUIPlugin
2024-06-14 16:54:59,604 [INFO] PluginManager:220 - loadIPPluginJar : add openamp
2024-06-14 16:54:59,655 [INFO] IPUIPlugin:80 - create IPUIPlugin
2024-06-14 16:54:59,655 [INFO] PluginManager:220 - loadIPPluginJar : add pdm2pcm
2024-06-14 16:54:59,672 [INFO] IPUIPlugin:80 - create IPUIPlugin
2024-06-14 16:54:59,674 [INFO] PluginManager:220 - loadIPPluginJar : add plateformsettings
2024-06-14 16:54:59,700 [INFO] IPUIPlugin:80 - create IPUIPlugin
2024-06-14 16:54:59,700 [INFO] PluginManager:220 - loadIPPluginJar : add quadspi
2024-06-14 16:54:59,714 [INFO] IPUIPlugin:80 - create IPUIPlugin
2024-06-14 16:54:59,714 [INFO] PluginManager:220 - loadIPPluginJar : add resmgrutility
2024-06-14 16:54:59,770 [INFO] IPUIPlugin:80 - create IPUIPlugin
2024-06-14 16:54:59,770 [INFO] PluginManager:220 - loadIPPluginJar : add sai
2024-06-14 16:54:59,813 [INFO] IPUIPlugin:80 - create IPUIPlugin
2024-06-14 16:54:59,814 [INFO] PluginManager:220 - loadIPPluginJar : add spi
2024-06-14 16:54:59,888 [INFO] IPUIPlugin:80 - create IPUIPlugin
2024-06-14 16:54:59,888 [INFO] PluginManager:220 - loadIPPluginJar : add stm32_wpan
2024-06-14 16:54:59,915 [INFO] IPUIPlugin:80 - create IPUIPlugin
2024-06-14 16:54:59,915 [INFO] PluginManager:220 - loadIPPluginJar : add tim
2024-06-14 16:54:59,981 [INFO] IPUIPlugin:80 - create IPUIPlugin
2024-06-14 16:54:59,981 [INFO] PluginManager:220 - loadIPPluginJar : add touchsensing
2024-06-14 16:55:00,036 [INFO] IPUIPlugin:80 - create IPUIPlugin
2024-06-14 16:55:00,036 [INFO] PluginManager:220 - loadIPPluginJar : add tracer_emb
2024-06-14 16:55:00,063 [INFO] IPUIPlugin:80 - create IPUIPlugin
2024-06-14 16:55:00,063 [INFO] PluginManager:220 - loadIPPluginJar : add ts
2024-06-14 16:55:00,086 [INFO] IPUIPlugin:80 - create IPUIPlugin
2024-06-14 16:55:00,087 [INFO] PluginManager:220 - loadIPPluginJar : add tsc
2024-06-14 16:55:00,109 [INFO] IPUIPlugin:80 - create IPUIPlugin
2024-06-14 16:55:00,109 [INFO] PluginManager:220 - loadIPPluginJar : add ucpd
2024-06-14 16:55:00,155 [INFO] IPUIPlugin:80 - create IPUIPlugin
2024-06-14 16:55:00,156 [INFO] PluginManager:220 - loadIPPluginJar : add usart
2024-06-14 16:55:00,201 [INFO] IPUIPlugin:80 - create IPUIPlugin
2024-06-14 16:55:00,201 [INFO] PluginManager:220 - loadIPPluginJar : add usbx
2024-06-14 16:55:00,303 [INFO] ThirdPartyUpdaterWithRetryManager:70 - Updater plugin not ready yet. [2/15]
2024-06-14 16:55:00,349 [INFO] CADModel:165 - CPN selected for project level
2024-06-14 16:55:00,349 [INFO] CADModel:114 - Register for checkConnection events
2024-06-14 16:55:00,349 [FATAL] Updater:308 - Updater called before beeing initialized
2024-06-14 16:55:00,349 [ERROR] CADModel:125 - Updater not yet initialized, retry later 
2024-06-14 16:55:00,532 [INFO] CADModel:165 - CPN selected for project level
2024-06-14 16:55:00,532 [INFO] CADModel:114 - Register for checkConnection events
2024-06-14 16:55:00,533 [FATAL] Updater:308 - Updater called before beeing initialized
2024-06-14 16:55:00,533 [ERROR] CADModel:125 - Updater not yet initialized, retry later 
2024-06-14 16:55:00,536 [FATAL] Updater:308 - Updater called before beeing initialized
2024-06-14 16:55:00,682 [FATAL] Updater:308 - Updater called before beeing initialized
2024-06-14 16:55:00,693 [INFO] DbMcusAds:53 - JSON generation date=Thu Sep 30 15:55:09 KST 2021 (1632984909247)
2024-06-14 16:55:00,693 [FATAL] Updater:308 - Updater called before beeing initialized
2024-06-14 16:55:00,779 [WARN] DetailPanel:346 - Failed to get advertising image, set to default
2024-06-14 16:55:00,876 [FATAL] Updater:308 - Updater called before beeing initialized
2024-06-14 16:55:00,879 [FATAL] Updater:308 - Updater called before beeing initialized
2024-06-14 16:55:00,879 [FATAL] Updater:308 - Updater called before beeing initialized
2024-06-14 16:55:00,879 [WARN] DetailPanel:346 - Failed to get advertising image, set to default
2024-06-14 16:55:00,880 [FATAL] Updater:308 - Updater called before beeing initialized
2024-06-14 16:55:00,957 [ERROR] Updater:1120 - MainUpdater not yet initialized. External WinMGr cannot be set.
2024-06-14 16:55:00,969 [INFO] Updater:1056 - Updater Version found : 6.11.1
2024-06-14 16:55:00,993 [INFO] ApplicationProperties:184 - Using Application install path: C:\ST\STM32CubeIDE_1.13.0\STM32CubeIDE\plugins\com.st.stm32cube.common.mx_6.11.1.202404110753
2024-06-14 16:55:02,587 [ERROR] LogOutputStream:75 - [STDERR_REDIRECT] Jun 14, 2024 4:55:02 PM java.util.prefs.WindowsPreferences <init>
2024-06-14 16:55:02,589 [ERROR] LogOutputStream:75 - [STDERR_REDIRECT] WARNING: Could not open/create prefs root node Software\JavaSoft\Prefs at root 0xffffffff80000002. Windows RegCreateKeyEx(...) returned error code 5.
2024-06-14 16:55:02,590 [ERROR] LogOutputStream:75 - [STDERR_REDIRECT] 
2024-06-14 16:55:03,060 [INFO] MainUpdater:2873 - connection check result : 10
2024-06-14 16:55:03,061 [INFO] MainUpdater:290 - Updater Check For Update Now.
2024-06-14 16:55:03,061 [INFO] MicroXplorer:498 - Change Database Version : DB.6.0.111
2024-06-14 16:55:03,083 [INFO] McuFinderGlobals:63 - Set McuFinder mode to 2 (CubeIDE integrated)
2024-06-14 16:55:03,104 [INFO] UserAuth:415 - Internet connection configuration mode: 1
2024-06-14 16:55:03,143 [INFO] JxBrowserEngine:152 - Initiate JxBrowser Engine with user profile folder
2024-06-14 16:55:03,304 [INFO] CheckServerUpdateThread:120 - End of CheckServer Thread
2024-06-14 16:55:03,665 [WARN] PackLoader:240 - Cannot read IP mode file for STMicroelectronics.FP-SNS-MOTENVWB1.1.4.0
2024-06-14 16:55:03,698 [WARN] PackLoader:240 - Cannot read IP mode file for STMicroelectronics.X-CUBE-SMBUS.2.1.0
2024-06-14 16:55:03,719 [WARN] PackLoader:240 - Cannot read IP mode file for STMicroelectronics.X-CUBE-TOUCHGFX.4.23.0
2024-06-14 16:55:03,735 [WARN] PackLoader:240 - Cannot read IP mode file for STMicroelectronics.X-CUBE-TOUCHGFX.4.23.2
2024-06-14 16:55:03,800 [WARN] PackLoader:240 - Cannot read IP mode file for STMicroelectronics.X-CUBE-AZRTOS-F7.1.1.0
2024-06-14 16:55:03,832 [WARN] PackLoader:240 - Cannot read IP mode file for STMicroelectronics.FP-SNS-MOTENV1.4.3.2
2024-06-14 16:55:03,857 [WARN] PackLoader:240 - Cannot read IP mode file for STMicroelectronics.FP-SNS-FLIGHT1.5.0.2
2024-06-14 16:55:03,886 [WARN] PackLoader:240 - Cannot read IP mode file for STMicroelectronics.X-CUBE-DISPLAY.3.0.0
2024-06-14 16:55:03,917 [WARN] PackLoader:240 - Cannot read IP mode file for STMicroelectronics.X-CUBE-BLE1.7.0.0
2024-06-14 16:55:03,939 [WARN] PackLoader:240 - Cannot read IP mode file for emotas.I-CUBE-CANOPEN.1.3.0
2024-06-14 16:55:03,969 [WARN] PackLoader:240 - Cannot read IP mode file for STMicroelectronics.X-CUBE-BLEMGR.3.1.0
2024-06-14 16:55:03,995 [WARN] PackLoader:240 - Cannot read IP mode file for STMicroelectronics.FP-SNS-SMARTAG2.1.2.0
2024-06-14 16:55:04,025 [INFO] LogOutputStream:77 - [STDOUT_REDIRECT] 1 : Invalid condition id : UX_CORESTACK_Condition cause : null
2024-06-14 16:55:04,026 [INFO] LogOutputStream:77 - [STDOUT_REDIRECT] 1 : Invalid condition id : UX_CORESTACK_Condition cause : null
2024-06-14 16:55:04,028 [INFO] LogOutputStream:77 - [STDOUT_REDIRECT] 1 : Invalid condition id : UX_CORESTACK_Condition cause : null
2024-06-14 16:55:04,030 [INFO] LogOutputStream:77 - [STDOUT_REDIRECT] 1 : Invalid condition id : UX_CORESTACK_Condition cause : null
2024-06-14 16:55:04,032 [INFO] LogOutputStream:77 - [STDOUT_REDIRECT] 1 : Invalid condition id : UX_CORESTACK_Condition cause : null
2024-06-14 16:55:04,036 [WARN] PackLoader:240 - Cannot read IP mode file for STMicroelectronics.X-CUBE-AZRTOS-WL.2.0.0
2024-06-14 16:55:04,056 [WARN] PackLoader:240 - Cannot read IP mode file for STMicroelectronics.FP-SNS-MOTENV1.5.0.0
2024-06-14 16:55:04,073 [WARN] PackLoader:240 - Cannot read IP mode file for wolfSSL.I-CUBE-wolfMQTT.1.19.0
2024-06-14 16:55:04,091 [WARN] PackLoader:240 - Cannot read IP mode file for WES.I-CUBE-Cesium.1.3.0
2024-06-14 16:55:04,106 [WARN] PackLoader:240 - Cannot read IP mode file for STMicroelectronics.X-CUBE-BLE2.3.3.0
2024-06-14 16:55:04,121 [WARN] PackLoader:240 - Cannot read IP mode file for STMicroelectronics.X-CUBE-TCPP.4.1.0
2024-06-14 16:55:04,139 [WARN] PackLoader:240 - Cannot read IP mode file for STMicroelectronics.X-CUBE-ALGOBUILD.1.3.0
2024-06-14 16:55:04,169 [WARN] PackLoader:240 - Cannot read IP mode file for STMicroelectronics.X-CUBE-AZRTOS-G0.1.1.0
2024-06-14 16:55:04,188 [WARN] PackLoader:240 - Cannot read IP mode file for STMicroelectronics.X-CUBE-SAFEA1.1.2.2
2024-06-14 16:55:04,203 [WARN] PackLoader:240 - Cannot read IP mode file for STMicroelectronics.X-CUBE-NFC4.3.0.0
2024-06-14 16:55:04,222 [WARN] PackLoader:240 - Cannot read IP mode file for STMicroelectronics.X-CUBE-BLEMGR.3.0.0
2024-06-14 16:55:04,242 [WARN] PackLoader:240 - Cannot read IP mode file for STMicroelectronics.FP-ATR-SIGFOX1.3.2.0
2024-06-14 16:55:04,262 [WARN] PackLoader:240 - Cannot read IP mode file for STMicroelectronics.X-CUBE-EEPRMA1.5.1.0
2024-06-14 16:55:04,313 [WARN] PackLoader:240 - Cannot read IP mode file for SEGGER.I-CUBE-embOS.1.3.1
2024-06-14 16:55:04,375 [WARN] PackLoader:240 - Cannot read IP mode file for STMicroelectronics.X-CUBE-ALGOBUILD.1.4.0
2024-06-14 16:55:04,398 [WARN] PackLoader:240 - Cannot read IP mode file for STMicroelectronics.X-CUBE-GNSS1.6.0.0
2024-06-14 16:55:04,446 [WARN] PackLoader:240 - Cannot read IP mode file for STMicroelectronics.X-CUBE-AZRTOS-F4.1.1.0
2024-06-14 16:55:04,478 [WARN] PackLoader:240 - Cannot read IP mode file for STMicroelectronics.X-CUBE-FREERTOS.1.2.0
2024-06-14 16:55:04,494 [WARN] PackLoader:240 - Cannot read IP mode file for wolfSSL.I-CUBE-wolfSSL.5.6.6
2024-06-14 16:55:04,528 [WARN] PackLoader:240 - Cannot read IP mode file for STMicroelectronics.X-CUBE-AZRTOS-L5.2.0.0
2024-06-14 16:55:04,550 [WARN] PackLoader:240 - Cannot read IP mode file for STMicroelectronics.X-CUBE-NFC6.3.1.0
2024-06-14 16:55:04,573 [WARN] PackLoader:240 - Cannot read IP mode file for ITTIA_DB.I-CUBE-ITTIADB.8.8.0
2024-06-14 16:55:04,590 [WARN] PackLoader:240 - Cannot read IP mode file for STMicroelectronics.X-CUBE-AI.9.0.0
2024-06-14 16:55:04,608 [WARN] PackLoader:240 - Cannot read IP mode file for STMicroelectronics.X-CUBE-NFC7.1.0.1
2024-06-14 16:55:04,631 [WARN] PackLoader:240 - Cannot read IP mode file for STMicroelectronics.X-CUBE-NFC6.3.0.0
2024-06-14 16:55:04,648 [WARN] PackLoader:240 - Cannot read IP mode file for STMicroelectronics.X-CUBE-AI.8.1.0
2024-06-14 16:55:04,685 [WARN] ConditionMgr:438 - getConditionDescription Invalid condition id : LAN8742 Phy interface Condition cause : null
2024-06-14 16:55:04,686 [WARN] PackLoader:240 - Cannot read IP mode file for STMicroelectronics.X-CUBE-AZRTOS-L4.2.0.0
2024-06-14 16:55:04,688 [WARN] ConditionMgr:1039 - genDependencies : Invalid condition id : LAN8742 Phy interface Condition cause : null
2024-06-14 16:55:04,689 [WARN] ConditionMgr:1039 - genDependencies : Invalid condition id : LAN8742 Phy interface Condition cause : null
2024-06-14 16:55:04,689 [WARN] ConditionMgr:1039 - genDependencies : Invalid condition id : LAN8742 Phy interface Condition cause : null
2024-06-14 16:55:04,710 [WARN] PackLoader:240 - Cannot read IP mode file for STMicroelectronics.X-CUBE-SFXS2LP1.4.0.0
2024-06-14 16:55:04,748 [WARN] ConditionMgr:438 - getConditionDescription Invalid condition id : UX DEVICE CLASS RTOS Condition cause : null
2024-06-14 16:55:04,749 [WARN] ConditionMgr:438 - getConditionDescription Invalid condition id : UX DEVICE CLASS RTOS Condition cause : null
2024-06-14 16:55:04,752 [WARN] PackLoader:240 - Cannot read IP mode file for STMicroelectronics.X-CUBE-AZRTOS-WB.2.0.0
2024-06-14 16:55:04,753 [WARN] ConditionMgr:1039 - genDependencies : Invalid condition id : UX DEVICE CLASS RTOS Condition cause : null
2024-06-14 16:55:04,754 [WARN] ConditionMgr:1039 - genDependencies : Invalid condition id : UX DEVICE CLASS RTOS Condition cause : null
2024-06-14 16:55:04,755 [WARN] ConditionMgr:1039 - genDependencies : Invalid condition id : UX DEVICE CLASS RTOS Condition cause : null
2024-06-14 16:55:04,756 [WARN] ConditionMgr:1039 - genDependencies : Invalid condition id : UX DEVICE CLASS RTOS Condition cause : null
2024-06-14 16:55:04,757 [WARN] ConditionMgr:1039 - genDependencies : Invalid condition id : UX DEVICE CLASS RTOS Condition cause : null
2024-06-14 16:55:04,791 [WARN] PackLoader:240 - Cannot read IP mode file for STMicroelectronics.X-CUBE-SUBG2.5.0.0
2024-06-14 16:55:04,842 [WARN] PackLoader:240 - Cannot read IP mode file for STMicroelectronics.X-CUBE-AZRTOS-G4.2.0.0
2024-06-14 16:55:04,880 [WARN] PackLoader:240 - Cannot read IP mode file for Infineon.AIROC-Wi-Fi-Bluetooth-STM32.1.5.1
2024-06-14 16:55:04,910 [WARN] PackLoader:240 - Cannot read IP mode file for STMicroelectronics.FP-SNS-MOTENVWB1.1.3.1
2024-06-14 16:55:04,939 [WARN] PackLoader:240 - Cannot read IP mode file for STMicroelectronics.X-CUBE-ISPU.2.0.0
2024-06-14 16:55:04,964 [WARN] PackLoader:240 - Cannot read IP mode file for STMicroelectronics.X-CUBE-ALS.1.0.2
2024-06-14 16:55:05,058 [WARN] PackLoader:240 - Cannot read IP mode file for STMicroelectronics.X-CUBE-MEMS1.10.0.0
2024-06-14 16:55:05,192 [WARN] PackLoader:240 - Cannot read IP mode file for STMicroelectronics.X-CUBE-FREERTOS.1.1.0
2024-06-14 16:55:05,230 [WARN] PackLoader:240 - Cannot read IP mode file for portGmbH.I-Cube-SoM-uGOAL.1.1.0
2024-06-14 16:55:05,258 [WARN] PackLoader:240 - Cannot read IP mode file for STMicroelectronics.X-CUBE-ALS.1.0.1
2024-06-14 16:55:05,307 [WARN] PackLoader:240 - Cannot read IP mode file for STMicroelectronics.X-CUBE-AZRTOS-H7RS.1.0.0
2024-06-14 16:55:05,330 [WARN] PackLoader:240 - Cannot read IP mode file for STMicroelectronics.FP-ATR-ASTRA1.2.0.0
2024-06-14 16:55:05,358 [WARN] PackLoader:240 - Cannot read IP mode file for STMicroelectronics.X-CUBE-TOF1.3.4.0
2024-06-14 16:55:05,397 [WARN] PackLoader:240 - Cannot read IP mode file for STMicroelectronics.X-CUBE-TOF1.3.4.1
2024-06-14 16:55:05,463 [WARN] PackLoader:240 - Cannot read IP mode file for STMicroelectronics.X-CUBE-AZRTOS-H7.3.2.0
2024-06-14 16:55:05,468 [INFO] ThirdParty:978 - Integrity check success = true
2024-06-14 16:55:05,469 [INFO] IntegrityCheckThread:100 - exiting critical section [integrity check]
2024-06-14 16:55:05,469 [INFO] IntegrityCheckThread:103 - End integrity checks thread
2024-06-14 16:55:09,215 [INFO] WebApp:161 - Instantiating new browser for Auth
2024-06-14 16:55:10,158 [INFO] WebApp:779 - Register for checkConnection events
2024-06-14 16:55:10,158 [INFO] WebApp:414 - Apply proxy settings
2024-06-14 16:55:10,158 [INFO] WebApp:499 - Chromium requires no authentication
2024-06-14 16:55:10,167 [INFO] WebApp:442 - Direct internet connection detected
2024-06-14 16:55:10,358 [INFO] WebApp:192 - Starting web application
2024-06-14 16:55:10,359 [INFO] WebApp:544 - Web application path used C:\ST\STM32CubeIDE_1.13.0\STM32CubeIDE\plugins\com.st.stm32cube.common.mx_6.11.1.202404110753\db\plugins\mcufinder\reactClient1\index.html
